# JRE version: Java(TM) SE Runtime Environment (8.0_92-b14) (build 1.8.0_92-b14)
# Java VM: Java HotSpot(TM) Client VM (25.92-b14 mixed mode windows-x86 )
Heap:
 def new generation   total 39424K, used 10324K [0x05200000, 0x07cc0000, 0x1a750000)
  eden space 35072K,  29% used [0x05200000, 0x05c15118, 0x07440000)
  from space 4352K,   0% used [0x07440000, 0x07440000, 0x07880000)
  to   space 4352K,   0% used [0x07880000, 0x07880000, 0x07cc0000)
 tenured generation   total 87424K, used 28377K [0x1a750000, 0x1fcb0000, 0x45200000)
   the space 87424K,  32% used [0x1a750000, 0x1c306600, 0x1c306600, 0x1fcb0000)
 Metaspace       used 19950K, capacity 21338K, committed 21376K, reserved 21888K
GC Heap History (10 events):
Event: 60.440 GC heap before
{Heap before GC invocations=4 (full 0):
 def new generation   total 39296K, used 39296K [0x05200000, 0x07ca0000, 0x1a750000)
  eden space 34944K, 100% used [0x05200000, 0x07420000, 0x07420000)
  from space 4352K, 100% used [0x07420000, 0x07860000, 0x07860000)
  to   space 4352K,   0% used [0x07860000, 0x07860000, 0x07ca0000)
 tenured generation   total 87424K, used 14127K [0x1a750000, 0x1fcb0000, 0x45200000)
   the space 87424K,  16% used [0x1a750000, 0x1b51be70, 0x1b51c000, 0x1fcb0000)
 Metaspace       used 10835K, capacity 11735K, committed 11776K, reserved 12672K
Event: 60.494 GC heap after
Heap after GC invocations=5 (full 0):
 def new generation   total 39296K, used 4352K [0x05200000, 0x07ca0000, 0x1a750000)
  eden space 34944K,   0% used [0x05200000, 0x05200000, 0x07420000)
  from space 4352K, 100% used [0x07860000, 0x07ca0000, 0x07ca0000)
  to   space 4352K,   0% used [0x07420000, 0x07420000, 0x07860000)
 tenured generation   total 87424K, used 17638K [0x1a750000, 0x1fcb0000, 0x45200000)
   the space 87424K,  20% used [0x1a750000, 0x1b889960, 0x1b889a00, 0x1fcb0000)
 Metaspace       used 10835K, capacity 11735K, committed 11776K, reserved 12672K
}
Event: 66.289 GC heap before
{Heap before GC invocations=5 (full 0):
 def new generation   total 39296K, used 11295K [0x05200000, 0x07ca0000, 0x1a750000)
  eden space 34944K,  19% used [0x05200000, 0x058c7db0, 0x07420000)
  from space 4352K, 100% used [0x07860000, 0x07ca0000, 0x07ca0000)
  to   space 4352K,   0% used [0x07420000, 0x07420000, 0x07860000)
 tenured generation   total 87424K, used 17638K [0x1a750000, 0x1fcb0000, 0x45200000)
   the space 87424K,  20% used [0x1a750000, 0x1b889960, 0x1b889a00, 0x1fcb0000)
 Metaspace       used 11337K, capacity 12266K, committed 12288K, reserved 12672K
Event: 66.465 GC heap after
Heap after GC invocations=6 (full 1):
 def new generation   total 39424K, used 0K [0x05200000, 0x07cc0000, 0x1a750000)
  eden space 35072K,   0% used [0x05200000, 0x05200000, 0x07440000)
  from space 4352K,   0% used [0x07440000, 0x07440000, 0x07880000)
  to   space 4352K,   0% used [0x07880000, 0x07880000, 0x07cc0000)
 tenured generation   total 87424K, used 21528K [0x1a750000, 0x1fcb0000, 0x45200000)
   the space 87424K,  24% used [0x1a750000, 0x1bc560e8, 0x1bc56200, 0x1fcb0000)
 Metaspace       used 11337K, capacity 12266K, committed 12288K, reserved 12672K
}
Event: 82.948 GC heap before
{Heap before GC invocations=6 (full 1):
 def new generation   total 39424K, used 35072K [0x05200000, 0x07cc0000, 0x1a750000)
  eden space 35072K, 100% used [0x05200000, 0x07440000, 0x07440000)
  from space 4352K,   0% used [0x07440000, 0x07440000, 0x07880000)
  to   space 4352K,   0% used [0x07880000, 0x07880000, 0x07cc0000)
 tenured generation   total 87424K, used 21528K [0x1a750000, 0x1fcb0000, 0x45200000)
   the space 87424K,  24% used [0x1a750000, 0x1bc560e8, 0x1bc56200, 0x1fcb0000)
 Metaspace       used 16403K, capacity 17532K, committed 17536K, reserved 17792K
Event: 83.003 GC heap after
Heap after GC invocations=7 (full 1):
 def new generation   total 39424K, used 4352K [0x05200000, 0x07cc0000, 0x1a750000)
  eden space 35072K,   0% used [0x05200000, 0x05200000, 0x07440000)
  from space 4352K, 100% used [0x07880000, 0x07cc0000, 0x07cc0000)
  to   space 4352K,   0% used [0x07440000, 0x07440000, 0x07880000)
 tenured generation   total 87424K, used 26429K [0x1a750000, 0x1fcb0000, 0x45200000)
   the space 87424K,  30% used [0x1a750000, 0x1c11f6a0, 0x1c11f800, 0x1fcb0000)
 Metaspace       used 16403K, capacity 17532K, committed 17536K, reserved 17792K
}
Event: 90.169 GC heap before
{Heap before GC invocations=7 (full 1):
 def new generation   total 39424K, used 39424K [0x05200000, 0x07cc0000, 0x1a750000)
  eden space 35072K, 100% used [0x05200000, 0x07440000, 0x07440000)
  from space 4352K, 100% used [0x07880000, 0x07cc0000, 0x07cc0000)
  to   space 4352K,   0% used [0x07440000, 0x07440000, 0x07880000)
 tenured generation   total 87424K, used 26429K [0x1a750000, 0x1fcb0000, 0x45200000)
   the space 87424K,  30% used [0x1a750000, 0x1c11f6a0, 0x1c11f800, 0x1fcb0000)
 Metaspace       used 18623K, capacity 19836K, committed 19968K, reserved 20864K
Event: 90.236 GC heap after
Heap after GC invocations=8 (full 1):
 def new generation   total 39424K, used 4352K [0x05200000, 0x07cc0000, 0x1a750000)
  eden space 35072K,   0% used [0x05200000, 0x05200000, 0x07440000)
  from space 4352K, 100% used [0x07440000, 0x07880000, 0x07880000)
  to   space 4352K,   0% used [0x07880000, 0x07880000, 0x07cc0000)
 tenured generation   total 87424K, used 31425K [0x1a750000, 0x1fcb0000, 0x45200000)
   the space 87424K,  35% used [0x1a750000, 0x1c600478, 0x1c600600, 0x1fcb0000)
 Metaspace       used 18623K, capacity 19836K, committed 19968K, reserved 20864K
}
Event: 92.545 GC heap before
{Heap before GC invocations=8 (full 1):
 def new generation   total 39424K, used 8703K [0x05200000, 0x07cc0000, 0x1a750000)
  eden space 35072K,  12% used [0x05200000, 0x0563fc88, 0x07440000)
  from space 4352K, 100% used [0x07440000, 0x07880000, 0x07880000)
  to   space 4352K,   0% used [0x07880000, 0x07880000, 0x07cc0000)
 tenured generation   total 87424K, used 31425K [0x1a750000, 0x1fcb0000, 0x45200000)
   the space 87424K,  35% used [0x1a750000, 0x1c600478, 0x1c600600, 0x1fcb0000)
 Metaspace       used 19205K, capacity 20446K, committed 20480K, reserved 20864K
Event: 92.797 GC heap after
Heap after GC invocations=9 (full 2):
 def new generation   total 39424K, used 0K [0x05200000, 0x07cc0000, 0x1a750000)
  eden space 35072K,   0% used [0x05200000, 0x05200000, 0x07440000)
  from space 4352K,   0% used [0x07440000, 0x07440000, 0x07880000)
  to   space 4352K,   0% used [0x07880000, 0x07880000, 0x07cc0000)
 tenured generation   total 87424K, used 28377K [0x1a750000, 0x1fcb0000, 0x45200000)
   the space 87424K,  32% used [0x1a750000, 0x1c306600, 0x1c306600, 0x1fcb0000)
 Metaspace       used 19205K, capacity 20446K, committed 20480K, reserved 20864K
}

